test.yaml Status = FAIL
FAILED rules
test.guard/SOME_RULE    FAIL
---
Evaluating data test.yaml against rules test.guard
Number of non-compliant resources 1
Resource = newServer {
  Type      = AWS::New::Service
  Rule = SOME_RULE {
    ALL {
      Check =  %res EQUALS  3 {
        ComparisonError {
          Error            = Check was not compliant as property value [Path=/Resources/newServer[L:2,C:4] Value=0] not equal to value [Path=[L:0,C:0] Value=3].
          PropertyPath    = /Resources/newServer[L:2,C:4]
          Operator        = EQUAL
          Value           = 0
          ComparedWith    = 3
          Code:
                1.Resources:
                2.  newServer:
                3.    Type: AWS::New::Service
                4.    Properties:
                5.      Policy: |
                6.        {

        }
      }
    }
  }
}
test.yaml Status = FAIL
FAILED rules
test.guard/SOME_RULE    FAIL
---
Evaluating data test.yaml against rules test.guard
Number of non-compliant resources 1
Resource = newServer {
  Type      = AWS::New::Service
  Rule = SOME_RULE {
    ALL {
      Check =  %res EQUALS  3 {
        ComparisonError {
          Error            = Check was not compliant as property value [Path=/Resources/newServer[L:2,C:4] Value=0] not equal to value [Path=[L:0,C:0] Value=3].
          PropertyPath    = /Resources/newServer[L:2,C:4]
          Operator        = EQUAL
          Value           = 0
          ComparedWith    = 3
          Code:
                1.Resources:
                2.  newServer:
                3.    Type: AWS::New::Service
                4.    Properties:
                5.      Policy: |
                6.        {

        }
      }
    }
  }
}
